/home/zzy/anaconda3/envs/AP3D/lib/python3.7/site-packages/torch/distributed/launch.py:188: FutureWarning: The module torch.distributed.launch is deprecated
and will be removed in future. Use torchrun.
Note that --use_env is set by default in torchrun.
If your script expects `--local_rank` argument to be set, please
change it to read from `os.environ['LOCAL_RANK']` instead. See 
https://pytorch.org/docs/stable/distributed.html#launch-utility for 
further instructions

  FutureWarning,
WARNING:torch.distributed.run:
*****************************************
Setting OMP_NUM_THREADS environment variable for each process to be 1 in default, to avoid your system being overloaded, please further tune the variable for optimal performance in your application as needed. 
*****************************************
/home/zzy/anaconda3/envs/AP3D/lib/python3.7/site-packages/torchvision/transforms/transforms.py:330: UserWarning: Argument 'interpolation' of type int is deprecated since 0.13 and will be removed in 0.15. Please use InterpolationMode enum.
  "Argument 'interpolation' of type int is deprecated since 0.13 and will be removed in 0.15. "
/home/zzy/anaconda3/envs/AP3D/lib/python3.7/site-packages/torchvision/transforms/transforms.py:330: UserWarning: Argument 'interpolation' of type int is deprecated since 0.13 and will be removed in 0.15. Please use InterpolationMode enum.
  "Argument 'interpolation' of type int is deprecated since 0.13 and will be removed in 0.15. "
/home/zzy/anaconda3/envs/AP3D/lib/python3.7/site-packages/torchvision/transforms/transforms.py:330: UserWarning: Argument 'interpolation' of type int is deprecated since 0.13 and will be removed in 0.15. Please use InterpolationMode enum.
  "Argument 'interpolation' of type int is deprecated since 0.13 and will be removed in 0.15. "
/home/zzy/anaconda3/envs/AP3D/lib/python3.7/site-packages/torchvision/transforms/transforms.py:330: UserWarning: Argument 'interpolation' of type int is deprecated since 0.13 and will be removed in 0.15. Please use InterpolationMode enum.
  "Argument 'interpolation' of type int is deprecated since 0.13 and will be removed in 0.15. "
